
> ankaa-mobile@1.0.0 type-check
> tsc --noEmit

src/app/(tabs)/pessoal/meu-bonus/detalhes/[id].tsx(242,9): error TS1128: Declaration or statement expected.
src/app/(tabs)/pessoal/meu-bonus/detalhes/[id].tsx(256,3): error TS1128: Declaration or statement expected.
src/app/(tabs)/pessoal/meu-bonus/detalhes/[id].tsx(256,4): error TS1128: Declaration or statement expected.
src/app/(tabs)/pessoal/meu-bonus/detalhes/[id].tsx(256,101): error TS1005: ';' expected.
src/app/(tabs)/pessoal/meu-bonus/detalhes/[id].tsx(526,1): error TS1128: Declaration or statement expected.
src/components/inventory/borrow/form/status-selector.tsx(114,3): error TS1128: Declaration or statement expected.
src/components/inventory/borrow/list/borrow-filter-drawer-content.tsx(121,3): error TS1128: Declaration or statement expected.
src/components/ui/input.tsx(276,5): error TS1109: Expression expected.
src/components/ui/input.tsx(865,3): error TS1128: Declaration or statement expected.
src/components/ui/input.tsx(865,4): error TS1128: Declaration or statement expected.
src/components/ui/input.tsx(866,1): error TS1128: Declaration or statement expected.
