src/api-client/file.ts(169,49): error TS2345: Argument of type '(value: unknown) => void' is not assignable to parameter of type '() => void'.
  Target signature provides too few arguments. Expected 1 or more, but got 0.
src/api-client/index.ts(42,1): error TS2308: Module "./item" has already exported a member named 'batchCreateItemBrands'. Consider explicitly re-exporting to resolve the ambiguity.
src/api-client/index.ts(42,1): error TS2308: Module "./item" has already exported a member named 'batchDeleteItemBrands'. Consider explicitly re-exporting to resolve the ambiguity.
src/api-client/index.ts(42,1): error TS2308: Module "./item" has already exported a member named 'batchUpdateItemBrands'. Consider explicitly re-exporting to resolve the ambiguity.
src/api-client/index.ts(42,1): error TS2308: Module "./item" has already exported a member named 'createItemBrand'. Consider explicitly re-exporting to resolve the ambiguity.
src/api-client/index.ts(42,1): error TS2308: Module "./item" has already exported a member named 'deleteItemBrand'. Consider explicitly re-exporting to resolve the ambiguity.
src/api-client/index.ts(42,1): error TS2308: Module "./item" has already exported a member named 'getItemBrandById'. Consider explicitly re-exporting to resolve the ambiguity.
src/api-client/index.ts(42,1): error TS2308: Module "./item" has already exported a member named 'getItemBrands'. Consider explicitly re-exporting to resolve the ambiguity.
src/api-client/index.ts(42,1): error TS2308: Module "./item" has already exported a member named 'updateItemBrand'. Consider explicitly re-exporting to resolve the ambiguity.
src/api-client/services/deployment.ts(73,18): error TS2304: Cannot find name 'EventSource'.
src/app/(autenticacao)/entrar.tsx(22,1): error TS6133: 'useToast' is declared but its value is never read.
src/app/(tabs)/administracao/clientes/cadastrar.tsx(193,5): error TS2322: Type '(data: EconomicActivityCreateFormData, query?: EconomicActivityQueryFormData) => Promise<EconomicActivityCreateResponse>' is not assignable to type 'MutationFunction<EconomicActivityCreateResponse, { code: string; description: string; }>'.
  Types of parameters 'query' and 'context' are incompatible.
    Type 'MutationFunctionContext' has no properties in common with type '{ include?: { customers?: boolean | { include?: { _count?: boolean | undefined; logo?: boolean | undefined; tasks?: boolean | undefined; economicActivity?: boolean | undefined; } | undefined; } | undefined; _count?: boolean | ... 1 more ... | undefined; } | undefined; }'.
src/app/(tabs)/administracao/clientes/cadastrar.tsx(528,68): error TS2345: Argument of type 'string | number | null' is not assignable to parameter of type 'string'.
  Type 'null' is not assignable to type 'string'.
src/app/(tabs)/administracao/clientes/cadastrar.tsx(545,67): error TS2345: Argument of type 'string | number | null' is not assignable to parameter of type 'string'.
  Type 'null' is not assignable to type 'string'.
src/app/(tabs)/administracao/clientes/cadastrar.tsx(613,61): error TS2345: Argument of type 'string | number | null' is not assignable to parameter of type 'string'.
  Type 'null' is not assignable to type 'string'.
src/app/(tabs)/administracao/clientes/editar/[id].tsx(66,15): error TS2304: Cannot find name 'CustomerUpdateFormData'.
src/app/(tabs)/administracao/clientes/editar/[id].tsx(192,5): error TS2322: Type '(data: EconomicActivityCreateFormData, query?: EconomicActivityQueryFormData) => Promise<EconomicActivityCreateResponse>' is not assignable to type 'MutationFunction<EconomicActivityCreateResponse, { code: string; description: string; }>'.
  Types of parameters 'query' and 'context' are incompatible.
    Type 'MutationFunctionContext' has no properties in common with type '{ include?: { customers?: boolean | { include?: { _count?: boolean | undefined; logo?: boolean | undefined; tasks?: boolean | undefined; economicActivity?: boolean | undefined; } | undefined; } | undefined; _count?: boolean | ... 1 more ... | undefined; } | undefined; }'.
src/app/(tabs)/administracao/clientes/editar/[id].tsx(246,42): error TS2339: Property 'registrationStatus' does not exist on type 'Customer'.
src/app/(tabs)/administracao/clientes/editar/[id].tsx(249,34): error TS2339: Property 'streetType' does not exist on type 'Customer'.
src/app/(tabs)/administracao/clientes/editar/[id].tsx(277,33): error TS2304: Cannot find name 'CustomerUpdateFormData'.
src/app/(tabs)/administracao/clientes/editar/[id].tsx(282,23): error TS2304: Cannot find name 'CustomerUpdateFormData'.
src/app/(tabs)/administracao/clientes/editar/[id].tsx(308,71): error TS2304: Cannot find name 'CustomerUpdateFormData'.
src/app/(tabs)/administracao/clientes/editar/[id].tsx(634,68): error TS2345: Argument of type 'string | number | null' is not assignable to parameter of type 'string'.
  Type 'null' is not assignable to type 'string'.
src/app/(tabs)/administracao/clientes/editar/[id].tsx(651,67): error TS2345: Argument of type 'string | number | null' is not assignable to parameter of type 'string'.
  Type 'null' is not assignable to type 'string'.
src/app/(tabs)/administracao/clientes/editar/[id].tsx(719,61): error TS2345: Argument of type 'string | number | null' is not assignable to parameter of type 'string'.
  Type 'null' is not assignable to type 'string'.
src/app/(tabs)/administracao/colaboradores/editar/[id].tsx(41,42): error TS2740: Type 'BaseGetUniqueResponse<User>' is missing the following properties from type 'User': email, name, avatarId, status, and 35 more.
src/app/(tabs)/administracao/index.tsx(236,69): error TS2339: Property 'experiencePeriod1Users' does not exist on type '{ totalUsers: DashboardMetric; activeUsers: DashboardMetric; inactiveUsers: DashboardMetric; pendingUsers: DashboardMetric; ... 4 more ...; monthlyGrowth: { ...; }[]; }'.
src/app/(tabs)/administracao/index.tsx(237,69): error TS2339: Property 'experiencePeriod2Users' does not exist on type '{ totalUsers: DashboardMetric; activeUsers: DashboardMetric; inactiveUsers: DashboardMetric; pendingUsers: DashboardMetric; ... 4 more ...; monthlyGrowth: { ...; }[]; }'.
src/app/(tabs)/administracao/index.tsx(238,63): error TS2339: Property 'effectedUsers' does not exist on type '{ totalUsers: DashboardMetric; activeUsers: DashboardMetric; inactiveUsers: DashboardMetric; pendingUsers: DashboardMetric; ... 4 more ...; monthlyGrowth: { ...; }[]; }'.
src/app/(tabs)/administracao/index.tsx(239,63): error TS2339: Property 'dismissedUsers' does not exist on type '{ totalUsers: DashboardMetric; activeUsers: DashboardMetric; inactiveUsers: DashboardMetric; pendingUsers: DashboardMetric; ... 4 more ...; monthlyGrowth: { ...; }[]; }'.
src/app/(tabs)/administracao/notificacoes/editar/[id].tsx(35,42): error TS2740: Type 'BaseGetUniqueResponse<Notification>' is missing the following properties from type 'Notification': userId, title, body, type, and 9 more.
src/app/(tabs)/administracao/setores/detalhes/[id].tsx(32,11): error TS2339: Property 'data' does not exist on type 'AuthContextType'.
src/app/(tabs)/administracao/setores/editar/[id].tsx(35,36): error TS2739: Type 'BaseGetUniqueResponse<Sector>' is missing the following properties from type 'Sector': name, privileges, id, createdAt, updatedAt
src/app/(tabs)/estoque/emprestimos/cadastrar.tsx(28,42): error TS2339: Property 'filter' does not exist on type 'BatchOperationResult<Borrow, { userId: string; quantity: number; itemId: string; returnedAt?: Date | null | undefined; }>'.
src/app/(tabs)/estoque/emprestimos/cadastrar.tsx(29,39): error TS2339: Property 'filter' does not exist on type 'BatchOperationResult<Borrow, { userId: string; quantity: number; itemId: string; returnedAt?: Date | null | undefined; }>'.
src/app/(tabs)/estoque/emprestimos/detalhes/[id].tsx(32,11): error TS2339: Property 'data' does not exist on type 'AuthContextType'.
src/app/(tabs)/estoque/emprestimos/detalhes/[id].tsx(203,12): error TS2304: Cannot find name 'CardContent'.
src/app/(tabs)/estoque/emprestimos/detalhes/[id].tsx(237,13): error TS2304: Cannot find name 'CardContent'.
src/app/(tabs)/estoque/epi/agendamentos/cadastrar.tsx(27,39): error TS2339: Property 'INDIVIDUAL' does not exist on type 'typeof ASSIGNMENT_TYPE'.
src/app/(tabs)/estoque/epi/agendamentos/cadastrar.tsx(113,21): error TS2322: Type '{ value: boolean; onValueChange: (...event: any[]) => void; disabled: false; }' is not assignable to type 'IntrinsicAttributes & SwitchProps & RefAttributes<View>'.
  Property 'value' does not exist on type 'IntrinsicAttributes & SwitchProps & RefAttributes<View>'.
src/app/(tabs)/estoque/epi/agendamentos/cadastrar.tsx(158,70): error TS2345: Argument of type 'string | number' is not assignable to parameter of type 'string'.
  Type 'number' is not assignable to type 'string'.
src/app/(tabs)/estoque/epi/agendamentos/cadastrar.tsx(224,9): error TS2322: Type '{ onSave: (e?: BaseSyntheticEvent<object, any, any> | undefined) => Promise<void>; onCancel: () => void; isLoading: boolean; isSaveDisabled: boolean; }' is not assignable to type 'IntrinsicAttributes & SimpleFormActionBarProps'.
  Property 'onSave' does not exist on type 'IntrinsicAttributes & SimpleFormActionBarProps'.
src/app/(tabs)/estoque/epi/agendamentos/cadastrar.tsx(244,26): error TS2339: Property 'screenPadding' does not exist on type '{ readonly fieldGap: 16; readonly labelInputGap: 4; readonly errorGap: 4; readonly helperGap: 4; readonly cardPadding: 16; readonly cardMarginBottom: 16; readonly containerPaddingHorizontal: 16; readonly containerPaddingVertical: 16; readonly cardHeaderContentGap: 8; readonly rowGap: 8; readonly actionBarPadding: 16...'.
src/app/(tabs)/estoque/epi/agendamentos/cadastrar.tsx(245,32): error TS2339: Property 'screenPaddingBottom' does not exist on type '{ readonly fieldGap: 16; readonly labelInputGap: 4; readonly errorGap: 4; readonly helperGap: 4; readonly cardPadding: 16; readonly cardMarginBottom: 16; readonly containerPaddingHorizontal: 16; readonly containerPaddingVertical: 16; readonly cardHeaderContentGap: 8; readonly rowGap: 8; readonly actionBarPadding: 16...'.
src/app/(tabs)/estoque/epi/agendamentos/editar-em-lote.tsx(209,45): error TS2345: Argument of type '{ schedules: { id: string; data: any; }[]; }' is not assignable to parameter of type '{ ppeDeliverySchedules: { id: string; data: { isActive?: boolean | undefined; month?: MONTH | null | undefined; frequency?: string | undefined; frequencyCount?: number | undefined; ... 13 more ...; rescheduleReason?: RESCHEDULE_REASON | ... 1 more ... | undefined; }; }[]; }'.
  Property 'ppeDeliverySchedules' is missing in type '{ schedules: { id: string; data: any; }[]; }' but required in type '{ ppeDeliverySchedules: { id: string; data: { isActive?: boolean | undefined; month?: MONTH | null | undefined; frequency?: string | undefined; frequencyCount?: number | undefined; ... 13 more ...; rescheduleReason?: RESCHEDULE_REASON | ... 1 more ... | undefined; }; }[]; }'.
src/app/(tabs)/estoque/epi/agendamentos/editar-em-lote.tsx(410,25): error TS2322: Type 'Date | null' is not assignable to type 'Date | undefined'.
  Type 'null' is not assignable to type 'Date | undefined'.
src/app/(tabs)/estoque/epi/agendamentos/editar-em-lote.tsx(411,69): error TS2345: Argument of type 'Date | undefined' is not assignable to parameter of type 'Date | null'.
  Type 'undefined' is not assignable to type 'Date | null'.
src/app/(tabs)/estoque/epi/agendamentos/editar-em-lote.tsx(414,25): error TS2322: Type 'boolean' is not assignable to type 'string'.
src/app/(tabs)/estoque/epi/agendamentos/editar/[id].tsx(32,22): error TS2339: Property 'name' does not exist on type 'never'.
src/app/(tabs)/estoque/epi/agendamentos/editar/[id].tsx(33,27): error TS2339: Property 'frequency' does not exist on type 'never'.
src/app/(tabs)/estoque/epi/agendamentos/editar/[id].tsx(34,32): error TS2339: Property 'frequencyCount' does not exist on type 'never'.
src/app/(tabs)/estoque/epi/agendamentos/editar/[id].tsx(35,32): error TS2339: Property 'assignmentType' does not exist on type 'never'.
src/app/(tabs)/estoque/epi/agendamentos/editar/[id].tsx(36,26): error TS2339: Property 'ppeTypes' does not exist on type 'never'.
src/app/(tabs)/estoque/epi/agendamentos/editar/[id].tsx(37,26): error TS2339: Property 'isActive' does not exist on type 'never'.
src/app/(tabs)/estoque/epi/agendamentos/editar/[id].tsx(42,39): error TS2339: Property 'INDIVIDUAL' does not exist on type 'typeof ASSIGNMENT_TYPE'.
src/app/(tabs)/estoque/epi/agendamentos/editar/[id].tsx(141,21): error TS2322: Type '{ value: any; onValueChange: (...event: any[]) => void; disabled: false; }' is not assignable to type 'IntrinsicAttributes & SwitchProps & RefAttributes<View>'.
  Property 'value' does not exist on type 'IntrinsicAttributes & SwitchProps & RefAttributes<View>'.
src/app/(tabs)/estoque/epi/agendamentos/editar/[id].tsx(186,70): error TS2345: Argument of type 'string | number' is not assignable to parameter of type 'string'.
  Type 'number' is not assignable to type 'string'.
src/app/(tabs)/estoque/epi/agendamentos/editar/[id].tsx(252,9): error TS2322: Type '{ onSave: (e?: BaseSyntheticEvent<object, any, any> | undefined) => Promise<void>; onCancel: () => void; isLoading: boolean; isSaveDisabled: boolean; }' is not assignable to type 'IntrinsicAttributes & SimpleFormActionBarProps'.
  Property 'onSave' does not exist on type 'IntrinsicAttributes & SimpleFormActionBarProps'.
src/app/(tabs)/estoque/epi/agendamentos/editar/[id].tsx(272,26): error TS2339: Property 'screenPadding' does not exist on type '{ readonly fieldGap: 16; readonly labelInputGap: 4; readonly errorGap: 4; readonly helperGap: 4; readonly cardPadding: 16; readonly cardMarginBottom: 16; readonly containerPaddingHorizontal: 16; readonly containerPaddingVertical: 16; readonly cardHeaderContentGap: 8; readonly rowGap: 8; readonly actionBarPadding: 16...'.
src/app/(tabs)/estoque/epi/agendamentos/editar/[id].tsx(273,32): error TS2339: Property 'screenPaddingBottom' does not exist on type '{ readonly fieldGap: 16; readonly labelInputGap: 4; readonly errorGap: 4; readonly helperGap: 4; readonly cardPadding: 16; readonly cardMarginBottom: 16; readonly containerPaddingHorizontal: 16; readonly containerPaddingVertical: 16; readonly cardHeaderContentGap: 8; readonly rowGap: 8; readonly actionBarPadding: 16...'.
src/app/(tabs)/estoque/epi/detalhes/[id].tsx(25,11): error TS2339: Property 'data' does not exist on type 'AuthContextType'.
src/app/(tabs)/estoque/epi/editar/[id].tsx(40,33): error TS2740: Type 'BaseGetUniqueResponse<Item>' is missing the following properties from type 'Item': name, uniCode, quantity, maxQuantity, and 24 more.
src/app/(tabs)/estoque/epi/entregas/cadastrar.tsx(67,25): error TS2345: Argument of type 'PPEDeliveryCreateFormData' is not assignable to parameter of type '{ status: string; userId: string; quantity: number; statusOrder: number; itemId: string; reason?: string | null | undefined; ppeScheduleId?: string | null | undefined; scheduledDate?: Date | null | undefined; actualDeliveryDate?: Date | ... 1 more ... | undefined; reviewedBy?: string | ... 1 more ... | undefined; }'.
  Property 'statusOrder' is missing in type 'PPEDeliveryCreateFormData' but required in type '{ status: string; userId: string; quantity: number; statusOrder: number; itemId: string; reason?: string | null | undefined; ppeScheduleId?: string | null | undefined; scheduledDate?: Date | null | undefined; actualDeliveryDate?: Date | ... 1 more ... | undefined; reviewedBy?: string | ... 1 more ... | undefined; }'.
src/app/(tabs)/estoque/epi/entregas/cadastrar.tsx(153,70): error TS2345: Argument of type 'string | number' is not assignable to parameter of type 'string'.
  Type 'number' is not assignable to type 'string'.
src/app/(tabs)/estoque/epi/entregas/cadastrar.tsx(193,9): error TS2322: Type '{ onSave: (e?: BaseSyntheticEvent<object, any, any> | undefined) => Promise<void>; onCancel: () => void; isLoading: boolean; isSaveDisabled: boolean; }' is not assignable to type 'IntrinsicAttributes & SimpleFormActionBarProps'.
  Property 'onSave' does not exist on type 'IntrinsicAttributes & SimpleFormActionBarProps'.
src/app/(tabs)/estoque/epi/entregas/cadastrar.tsx(213,26): error TS2339: Property 'screenPadding' does not exist on type '{ readonly fieldGap: 16; readonly labelInputGap: 4; readonly errorGap: 4; readonly helperGap: 4; readonly cardPadding: 16; readonly cardMarginBottom: 16; readonly containerPaddingHorizontal: 16; readonly containerPaddingVertical: 16; readonly cardHeaderContentGap: 8; readonly rowGap: 8; readonly actionBarPadding: 16...'.
src/app/(tabs)/estoque/epi/entregas/cadastrar.tsx(214,32): error TS2339: Property 'screenPaddingBottom' does not exist on type '{ readonly fieldGap: 16; readonly labelInputGap: 4; readonly errorGap: 4; readonly helperGap: 4; readonly cardPadding: 16; readonly cardMarginBottom: 16; readonly containerPaddingHorizontal: 16; readonly containerPaddingVertical: 16; readonly cardHeaderContentGap: 8; readonly rowGap: 8; readonly actionBarPadding: 16...'.
src/app/(tabs)/estoque/epi/entregas/detalhes/[id].tsx(53,11): error TS2339: Property 'data' does not exist on type 'AuthContextType'.
src/app/(tabs)/estoque/epi/entregas/detalhes/[id].tsx(405,32): error TS2339: Property 'ppeSize' does not exist on type 'Item'.
src/app/(tabs)/estoque/epi/entregas/detalhes/[id].tsx(408,61): error TS2339: Property 'ppeSize' does not exist on type 'Item'.
src/app/(tabs)/estoque/epi/entregas/detalhes/[id].tsx(706,3): error TS1117: An object literal cannot have multiple properties with the same name.
src/app/(tabs)/estoque/epi/entregas/editar/[id].tsx(86,9): error TS2322: Type 'PPEDeliveryUpdateFormData' is not assignable to type '{ status?: string | undefined; reason?: string | null | undefined; quantity?: number | undefined; statusOrder?: number | undefined; itemId?: string | undefined; scheduledDate?: Date | null | undefined; actualDeliveryDate?: Date | ... 1 more ... | undefined; reviewedBy?: string | ... 1 more ... | undefined; }'.
  Types of property 'itemId' are incompatible.
    Type 'string | null' is not assignable to type 'string | undefined'.
      Type 'null' is not assignable to type 'string | undefined'.
src/app/(tabs)/estoque/epi/entregas/editar/[id].tsx(194,70): error TS2345: Argument of type 'string | number' is not assignable to parameter of type 'string'.
  Type 'number' is not assignable to type 'string'.
src/app/(tabs)/estoque/epi/entregas/editar/[id].tsx(234,9): error TS2322: Type '{ onSave: (e?: BaseSyntheticEvent<object, any, any> | undefined) => Promise<void>; onCancel: () => void; isLoading: boolean; isSaveDisabled: boolean; }' is not assignable to type 'IntrinsicAttributes & SimpleFormActionBarProps'.
  Property 'onSave' does not exist on type 'IntrinsicAttributes & SimpleFormActionBarProps'.
src/app/(tabs)/estoque/epi/entregas/editar/[id].tsx(254,26): error TS2339: Property 'screenPadding' does not exist on type '{ readonly fieldGap: 16; readonly labelInputGap: 4; readonly errorGap: 4; readonly helperGap: 4; readonly cardPadding: 16; readonly cardMarginBottom: 16; readonly containerPaddingHorizontal: 16; readonly containerPaddingVertical: 16; readonly cardHeaderContentGap: 8; readonly rowGap: 8; readonly actionBarPadding: 16...'.
src/app/(tabs)/estoque/epi/entregas/editar/[id].tsx(255,32): error TS2339: Property 'screenPaddingBottom' does not exist on type '{ readonly fieldGap: 16; readonly labelInputGap: 4; readonly errorGap: 4; readonly helperGap: 4; readonly cardPadding: 16; readonly cardMarginBottom: 16; readonly containerPaddingHorizontal: 16; readonly containerPaddingVertical: 16; readonly cardHeaderContentGap: 8; readonly rowGap: 8; readonly actionBarPadding: 16...'.
src/app/(tabs)/estoque/estatisticas/consumo.tsx(1,8): error TS6133: 'React' is declared but its value is never read.
src/app/(tabs)/estoque/estatisticas/consumo.tsx(28,5): error TS2339: Property 'data' does not exist on type '{ items: unknown[]; totalItemsLoaded: number; totalCount: any; currentPage: any; isLoading: boolean; isError: boolean; error: Error | null; isFetchingNextPage: boolean; isRefetching: boolean; ... 11 more ...; originalQuery: UseInfiniteQueryResult<...>; }'.
src/app/(tabs)/estoque/estatisticas/consumo.tsx(49,22): error TS7006: Parameter 'item' implicitly has an 'any' type.
src/app/(tabs)/estoque/estatisticas/consumo.tsx(65,54): error TS7006: Parameter 'sum' implicitly has an 'any' type.
src/app/(tabs)/estoque/estatisticas/consumo.tsx(65,59): error TS7006: Parameter 'item' implicitly has an 'any' type.
src/app/(tabs)/estoque/estatisticas/consumo.tsx(66,48): error TS7006: Parameter 'sum' implicitly has an 'any' type.
src/app/(tabs)/estoque/estatisticas/consumo.tsx(66,53): error TS7006: Parameter 'item' implicitly has an 'any' type.
src/app/(tabs)/estoque/estatisticas/consumo.tsx(67,41): error TS7006: Parameter 'item' implicitly has an 'any' type.
src/app/(tabs)/estoque/estatisticas/consumo.tsx(69,32): error TS7006: Parameter 'sum' implicitly has an 'any' type.
src/app/(tabs)/estoque/estatisticas/consumo.tsx(69,37): error TS7006: Parameter 'item' implicitly has an 'any' type.
src/app/(tabs)/estoque/estatisticas/consumo.tsx(72,42): error TS7006: Parameter 'item' implicitly has an 'any' type.
src/app/(tabs)/estoque/estatisticas/consumo.tsx(73,42): error TS7006: Parameter 'item' implicitly has an 'any' type.
src/app/(tabs)/estoque/estatisticas/index.tsx(20,80): error TS2345: Argument of type '{ timePeriod: DASHBOARD_TIME_PERIOD; }' is not assignable to parameter of type '{ timePeriod: string; includeInactive: boolean; supplierId?: string | undefined; categoryId?: string | undefined; brandId?: string | undefined; startDate?: Date | undefined; endDate?: Date | undefined; }'.
  Property 'includeInactive' is missing in type '{ timePeriod: DASHBOARD_TIME_PERIOD; }' but required in type '{ timePeriod: string; includeInactive: boolean; supplierId?: string | undefined; categoryId?: string | undefined; brandId?: string | undefined; startDate?: Date | undefined; endDate?: Date | undefined; }'.
src/app/(tabs)/estoque/estatisticas/index.tsx(101,36): error TS2339: Property 'stagnantItems' does not exist on type '{ totalItems: DashboardMetric; totalValue: DashboardMetric; negativeStockItems: DashboardMetric; outOfStockItems: DashboardMetric; ... 4 more ...; itemsNeedingReorder: DashboardMetric; }'.
src/app/(tabs)/estoque/estatisticas/movimentacao.tsx(493,34): error TS2339: Property 'cyan' does not exist on type '{ readonly green: { readonly 50: "#f0fdf4"; readonly 100: "#dcfce7"; readonly 200: "#bbf7d0"; readonly 300: "#86efac"; readonly 400: "#4ade80"; readonly 500: "#22c55e"; readonly 600: "#16a34a"; readonly 700: "#15803d"; readonly 800: "#166534"; readonly 900: "#14532d"; readonly 950: "#052e16"; }; ... 14 more ...; rea...'.
src/app/(tabs)/estoque/estatisticas/movimentacao.tsx(811,78): error TS2322: Type '{ name: string; size: number; color: string; style: { marginTop: number; }; }' is not assignable to type 'IntrinsicAttributes & IconProps'.
  Property 'style' does not exist on type 'IntrinsicAttributes & IconProps'.
src/app/(tabs)/estoque/estatisticas/tendencias.tsx(1,8): error TS6133: 'React' is declared but its value is never read.
src/app/(tabs)/estoque/estatisticas/tendencias.tsx(67,5): error TS2339: Property 'data' does not exist on type '{ items: unknown[]; totalItemsLoaded: number; totalCount: any; currentPage: any; isLoading: boolean; isError: boolean; error: Error | null; isFetchingNextPage: boolean; isRefetching: boolean; ... 11 more ...; originalQuery: UseInfiniteQueryResult<...>; }'.
src/app/(tabs)/estoque/estatisticas/tendencias.tsx(87,15): error TS7006: Parameter 'item' implicitly has an 'any' type.
src/app/(tabs)/estoque/estatisticas/tendencias.tsx(88,12): error TS7006: Parameter 'item' implicitly has an 'any' type.
src/app/(tabs)/estoque/fornecedores/cadastrar.tsx(45,24): error TS2304: Cannot find name 'SupplierCreateFormData'.
src/app/(tabs)/estoque/fornecedores/cadastrar.tsx(69,33): error TS2304: Cannot find name 'SupplierCreateFormData'.
src/app/(tabs)/estoque/fornecedores/cadastrar.tsx(93,31): error TS7006: Parameter 'phone' implicitly has an 'any' type.
src/app/(tabs)/estoque/fornecedores/cadastrar.tsx(93,38): error TS7006: Parameter 'index' implicitly has an 'any' type.
src/app/(tabs)/estoque/fornecedores/cadastrar.tsx(98,29): error TS7006: Parameter 'tag' implicitly has an 'any' type.
src/app/(tabs)/estoque/fornecedores/cadastrar.tsx(98,34): error TS7006: Parameter 'index' implicitly has an 'any' type.
src/app/(tabs)/estoque/fornecedores/cadastrar.tsx(224,62): error TS2345: Argument of type 'string | number | null' is not assignable to parameter of type 'string'.
  Type 'null' is not assignable to type 'string'.
src/app/(tabs)/estoque/fornecedores/cadastrar.tsx(303,65): error TS2345: Argument of type 'string | number | null' is not assignable to parameter of type 'string'.
  Type 'null' is not assignable to type 'string'.
src/app/(tabs)/estoque/fornecedores/detalhes/[id].tsx(310,3): error TS1117: An object literal cannot have multiple properties with the same name.
src/app/(tabs)/estoque/fornecedores/editar-em-lote.tsx(14,15): error TS6196: 'Supplier' is declared but never used.
src/app/(tabs)/estoque/fornecedores/editar-em-lote.tsx(35,11): error TS6196: 'FieldChange' is declared but never used.
src/app/(tabs)/estoque/fornecedores/editar-em-lote.tsx(48,50): error TS2707: Generic type 'BatchOperationResult<T, U>' requires between 1 and 2 type arguments.
src/app/(tabs)/estoque/fornecedores/editar-em-lote.tsx(101,5): error TS2554: Expected 0-1 arguments, but got 2.
src/app/(tabs)/estoque/fornecedores/editar-em-lote.tsx(245,37): error TS2707: Generic type 'BatchOperationResult<T, U>' requires between 1 and 2 type arguments.
src/app/(tabs)/estoque/fornecedores/editar-em-lote.tsx(249,31): error TS2339: Property 'failures' does not exist on type 'BatchOperationResult<Supplier, Supplier & { id: string; }>'.
src/app/(tabs)/estoque/fornecedores/editar-em-lote.tsx(249,45): error TS7006: Parameter 'f' implicitly has an 'any' type.
src/app/(tabs)/estoque/fornecedores/editar-em-lote.tsx(383,17): error TS2322: Type '{ value: boolean; onValueChange: () => void; }' is not assignable to type 'IntrinsicAttributes & SwitchProps & RefAttributes<View>'.
  Property 'value' does not exist on type 'IntrinsicAttributes & SwitchProps & RefAttributes<View>'.
src/app/(tabs)/estoque/fornecedores/editar-em-lote.tsx(407,17): error TS2322: Type '{ value: boolean; onValueChange: () => void; }' is not assignable to type 'IntrinsicAttributes & SwitchProps & RefAttributes<View>'.
  Property 'value' does not exist on type 'IntrinsicAttributes & SwitchProps & RefAttributes<View>'.
src/app/(tabs)/estoque/fornecedores/editar-em-lote.tsx(417,19): error TS2322: Type '"url"' is not assignable to type 'InputType | undefined'.
src/app/(tabs)/estoque/fornecedores/editar-em-lote.tsx(431,17): error TS2322: Type '{ value: boolean; onValueChange: () => void; }' is not assignable to type 'IntrinsicAttributes & SwitchProps & RefAttributes<View>'.
  Property 'value' does not exist on type 'IntrinsicAttributes & SwitchProps & RefAttributes<View>'.
src/app/(tabs)/estoque/fornecedores/editar-em-lote.tsx(455,17): error TS2322: Type '{ value: boolean; onValueChange: () => void; }' is not assignable to type 'IntrinsicAttributes & SwitchProps & RefAttributes<View>'.
  Property 'value' does not exist on type 'IntrinsicAttributes & SwitchProps & RefAttributes<View>'.
src/app/(tabs)/estoque/fornecedores/editar-em-lote.tsx(465,19): error TS2322: Type '"zipCode"' is not assignable to type 'InputType | undefined'.
src/app/(tabs)/estoque/fornecedores/editar-em-lote.tsx(479,17): error TS2322: Type '{ value: boolean; onValueChange: () => void; }' is not assignable to type 'IntrinsicAttributes & SwitchProps & RefAttributes<View>'.
  Property 'value' does not exist on type 'IntrinsicAttributes & SwitchProps & RefAttributes<View>'.
src/app/(tabs)/estoque/fornecedores/editar-em-lote.tsx(501,17): error TS2322: Type '{ value: boolean; onValueChange: () => void; }' is not assignable to type 'IntrinsicAttributes & SwitchProps & RefAttributes<View>'.
  Property 'value' does not exist on type 'IntrinsicAttributes & SwitchProps & RefAttributes<View>'.
src/app/(tabs)/estoque/fornecedores/editar-em-lote.tsx(524,17): error TS2322: Type '{ value: boolean; onValueChange: () => void; }' is not assignable to type 'IntrinsicAttributes & SwitchProps & RefAttributes<View>'.
  Property 'value' does not exist on type 'IntrinsicAttributes & SwitchProps & RefAttributes<View>'.
src/app/(tabs)/estoque/fornecedores/editar-em-lote.tsx(546,17): error TS2322: Type '{ value: boolean; onValueChange: () => void; }' is not assignable to type 'IntrinsicAttributes & SwitchProps & RefAttributes<View>'.
  Property 'value' does not exist on type 'IntrinsicAttributes & SwitchProps & RefAttributes<View>'.
src/app/(tabs)/estoque/fornecedores/editar-em-lote.tsx(568,17): error TS2322: Type '{ value: boolean; onValueChange: () => void; }' is not assignable to type 'IntrinsicAttributes & SwitchProps & RefAttributes<View>'.
  Property 'value' does not exist on type 'IntrinsicAttributes & SwitchProps & RefAttributes<View>'.
src/app/(tabs)/estoque/fornecedores/editar-em-lote.tsx(590,17): error TS2322: Type '{ value: boolean; onValueChange: () => void; }' is not assignable to type 'IntrinsicAttributes & SwitchProps & RefAttributes<View>'.
  Property 'value' does not exist on type 'IntrinsicAttributes & SwitchProps & RefAttributes<View>'.
src/app/(tabs)/estoque/fornecedores/editar-em-lote.tsx(624,17): error TS2322: Type '{ value: boolean; onValueChange: () => void; }' is not assignable to type 'IntrinsicAttributes & SwitchProps & RefAttributes<View>'.
  Property 'value' does not exist on type 'IntrinsicAttributes & SwitchProps & RefAttributes<View>'.
src/app/(tabs)/estoque/fornecedores/editar-em-lote.tsx(639,53): error TS2339: Property 'split' does not exist on type 'string | number'.
  Property 'split' does not exist on type 'number'.
src/app/(tabs)/estoque/fornecedores/editar-em-lote.tsx(639,68): error TS7006: Parameter 't' implicitly has an 'any' type.
src/app/(tabs)/estoque/fornecedores/editar/[id].tsx(14,10): error TS6133: 'routes' is declared but its value is never read.
src/app/(tabs)/estoque/fornecedores/editar/[id].tsx(15,1): error TS6133: 'routeToMobilePath' is declared but its value is never read.
src/app/(tabs)/estoque/fornecedores/editar/[id].tsx(50,24): error TS2304: Cannot find name 'SupplierUpdateFormData'.
src/app/(tabs)/estoque/fornecedores/editar/[id].tsx(97,33): error TS2304: Cannot find name 'SupplierUpdateFormData'.
src/app/(tabs)/estoque/fornecedores/editar/[id].tsx(121,31): error TS7006: Parameter 'phone' implicitly has an 'any' type.
src/app/(tabs)/estoque/fornecedores/editar/[id].tsx(121,38): error TS7006: Parameter 'index' implicitly has an 'any' type.
src/app/(tabs)/estoque/fornecedores/editar/[id].tsx(126,29): error TS7006: Parameter 'tag' implicitly has an 'any' type.
src/app/(tabs)/estoque/fornecedores/editar/[id].tsx(126,34): error TS7006: Parameter 'index' implicitly has an 'any' type.
src/app/(tabs)/estoque/fornecedores/editar/[id].tsx(272,62): error TS2345: Argument of type 'string | number | null' is not assignable to parameter of type 'string'.
  Type 'null' is not assignable to type 'string'.
src/app/(tabs)/estoque/fornecedores/editar/[id].tsx(351,65): error TS2345: Argument of type 'string | number | null' is not assignable to parameter of type 'string'.
  Type 'null' is not assignable to type 'string'.
src/app/(tabs)/estoque/index.tsx(20,80): error TS2345: Argument of type '{ timePeriod: DASHBOARD_TIME_PERIOD; }' is not assignable to parameter of type '{ timePeriod: string; includeInactive: boolean; supplierId?: string | undefined; categoryId?: string | undefined; brandId?: string | undefined; startDate?: Date | undefined; endDate?: Date | undefined; }'.
  Property 'includeInactive' is missing in type '{ timePeriod: DASHBOARD_TIME_PERIOD; }' but required in type '{ timePeriod: string; includeInactive: boolean; supplierId?: string | undefined; categoryId?: string | undefined; brandId?: string | undefined; startDate?: Date | undefined; endDate?: Date | undefined; }'.
src/app/(tabs)/estoque/index.tsx(130,87): error TS2339: Property 'list' does not exist on type '{ readonly batchEdit: "/estoque/fornecedores/editar-em-lote"; readonly create: "/estoque/fornecedores/cadastrar"; readonly details: (id: string) => string; readonly edit: (id: string) => string; readonly root: "/estoque/fornecedores"; }'.
src/app/(tabs)/estoque/manutencao/agendamentos/cadastrar.tsx(1,8): error TS6133: 'React' is declared but its value is never read.
src/app/(tabs)/estoque/manutencao/agendamentos/cadastrar.tsx(2,10): error TS6133: 'View' is declared but its value is never read.
src/app/(tabs)/estoque/manutencao/agendamentos/cadastrar.tsx(12,36): error TS6133: 'FormRow' is declared but its value is never read.
src/app/(tabs)/estoque/manutencao/agendamentos/cadastrar.tsx(14,1): error TS6133: 'Text' is declared but its value is never read.
src/app/(tabs)/estoque/manutencao/agendamentos/cadastrar.tsx(17,1): error TS6133: 'spacing' is declared but its value is never read.
src/app/(tabs)/estoque/manutencao/agendamentos/cadastrar.tsx(19,1): error TS6133: 'Maintenance' is declared but its value is never read.
src/app/(tabs)/estoque/manutencao/agendamentos/cadastrar.tsx(20,1): error TS6133: 'useMaintenance' is declared but its value is never read.
src/app/(tabs)/estoque/manutencao/agendamentos/cadastrar.tsx(64,31): error TS6133: 'data' is declared but its value is never read.
src/app/(tabs)/estoque/manutencao/agendamentos/cadastrar.tsx(99,5): error TS2322: Type '() => void' is not assignable to type '(measurements: { inputY: number; inputHeight: number; requiredHeight: number; }) => boolean'.
  Type 'void' is not assignable to type 'boolean'.
src/app/(tabs)/estoque/manutencao/agendamentos/cadastrar.tsx(183,51): error TS2345: Argument of type 'string | number | null' is not assignable to parameter of type 'string'.
  Type 'null' is not assignable to type 'string'.
src/app/(tabs)/estoque/manutencao/agendamentos/cadastrar.tsx(209,23): error TS2322: Type '{ value: Date | undefined; onChange: (...event: any[]) => void; placeholder: string; disabled: false; mode: string; }' is not assignable to type 'IntrinsicAttributes & DatePickerProps'.
  Property 'mode' does not exist on type 'IntrinsicAttributes & DatePickerProps'.
