
> ankaa-mobile@1.0.0 type-check
> tsc --noEmit

src/api-client/file.ts(169,49): error TS2345: Argument of type '(value: unknown) => void' is not assignable to parameter of type '() => void'.
  Target signature provides too few arguments. Expected 1 or more, but got 0.
src/api-client/index.ts(42,1): error TS2308: Module "./item" has already exported a member named 'batchCreateItemBrands'. Consider explicitly re-exporting to resolve the ambiguity.
src/api-client/index.ts(42,1): error TS2308: Module "./item" has already exported a member named 'batchDeleteItemBrands'. Consider explicitly re-exporting to resolve the ambiguity.
src/api-client/index.ts(42,1): error TS2308: Module "./item" has already exported a member named 'batchUpdateItemBrands'. Consider explicitly re-exporting to resolve the ambiguity.
src/api-client/index.ts(42,1): error TS2308: Module "./item" has already exported a member named 'createItemBrand'. Consider explicitly re-exporting to resolve the ambiguity.
src/api-client/index.ts(42,1): error TS2308: Module "./item" has already exported a member named 'deleteItemBrand'. Consider explicitly re-exporting to resolve the ambiguity.
src/api-client/index.ts(42,1): error TS2308: Module "./item" has already exported a member named 'getItemBrandById'. Consider explicitly re-exporting to resolve the ambiguity.
src/api-client/index.ts(42,1): error TS2308: Module "./item" has already exported a member named 'getItemBrands'. Consider explicitly re-exporting to resolve the ambiguity.
src/api-client/index.ts(42,1): error TS2308: Module "./item" has already exported a member named 'updateItemBrand'. Consider explicitly re-exporting to resolve the ambiguity.
src/api-client/services/deployment.ts(73,18): error TS2304: Cannot find name 'EventSource'.
src/app/(tabs)/administracao/clientes/cadastrar.tsx(193,5): error TS2322: Type '(data: EconomicActivityCreateFormData, query?: EconomicActivityQueryFormData) => Promise<EconomicActivityCreateResponse>' is not assignable to type 'MutationFunction<EconomicActivityCreateResponse, { code: string; description: string; }>'.
  Types of parameters 'query' and 'context' are incompatible.
    Type 'MutationFunctionContext' has no properties in common with type '{ include?: { customers?: boolean | { include?: { _count?: boolean | undefined; logo?: boolean | undefined; tasks?: boolean | undefined; economicActivity?: boolean | undefined; } | undefined; } | undefined; _count?: boolean | ... 1 more ... | undefined; } | undefined; }'.
src/app/(tabs)/administracao/clientes/cadastrar.tsx(528,69): error TS2345: Argument of type 'string | number | null' is not assignable to parameter of type 'string'.
  Type 'null' is not assignable to type 'string'.
src/app/(tabs)/administracao/clientes/cadastrar.tsx(545,68): error TS2345: Argument of type 'string | number | null' is not assignable to parameter of type 'string'.
  Type 'null' is not assignable to type 'string'.
src/app/(tabs)/administracao/clientes/cadastrar.tsx(613,62): error TS2345: Argument of type 'string | number | null' is not assignable to parameter of type 'string'.
  Type 'null' is not assignable to type 'string'.
src/app/(tabs)/administracao/clientes/editar/[id].tsx(86,7): error TS2353: Object literal may only specify known properties, and 'registrationStatus' does not exist in type 'AsyncDefaultValues<{ tags?: string[] | undefined; cpf?: string | null | undefined; cnpj?: string | null | undefined; address?: string | null | undefined; email?: string | null | undefined; addressNumber?: string | ... 1 more ... | undefined; ... 13 more ...; logradouro?: string | ... 1 more ... | undefined; }> | { ....'.
src/app/(tabs)/administracao/clientes/editar/[id].tsx(113,18): error TS2345: Argument of type '"streetType"' is not assignable to parameter of type '"tags" | "cpf" | "cnpj" | "address" | "email" | "addressNumber" | "addressComplement" | "neighborhood" | "city" | "state" | "zipCode" | "site" | "corporateName" | "fantasyName" | ... 7 more ... | `phones.${number}`'.
src/app/(tabs)/administracao/clientes/editar/[id].tsx(141,18): error TS2345: Argument of type '"registrationStatus"' is not assignable to parameter of type '"tags" | "cpf" | "cnpj" | "address" | "email" | "addressNumber" | "addressComplement" | "neighborhood" | "city" | "state" | "zipCode" | "site" | "corporateName" | "fantasyName" | ... 7 more ... | `phones.${number}`'.
src/app/(tabs)/administracao/clientes/editar/[id].tsx(173,18): error TS2345: Argument of type '"streetType"' is not assignable to parameter of type '"tags" | "cpf" | "cnpj" | "address" | "email" | "addressNumber" | "addressComplement" | "neighborhood" | "city" | "state" | "zipCode" | "site" | "corporateName" | "fantasyName" | ... 7 more ... | `phones.${number}`'.
src/app/(tabs)/administracao/clientes/editar/[id].tsx(192,5): error TS2322: Type '(data: EconomicActivityCreateFormData, query?: EconomicActivityQueryFormData) => Promise<EconomicActivityCreateResponse>' is not assignable to type 'MutationFunction<EconomicActivityCreateResponse, { code: string; description: string; }>'.
  Types of parameters 'query' and 'context' are incompatible.
    Type 'MutationFunctionContext' has no properties in common with type '{ include?: { customers?: boolean | { include?: { _count?: boolean | undefined; logo?: boolean | undefined; tasks?: boolean | undefined; economicActivity?: boolean | undefined; } | undefined; } | undefined; _count?: boolean | ... 1 more ... | undefined; } | undefined; }'.
src/app/(tabs)/administracao/clientes/editar/[id].tsx(246,9): error TS2353: Object literal may only specify known properties, and 'registrationStatus' does not exist in type '{ tags?: string[] | undefined; cpf?: string | null | undefined; cnpj?: string | null | undefined; address?: string | null | undefined; email?: string | null | undefined; addressNumber?: string | ... 1 more ... | undefined; ... 13 more ...; logradouro?: string | ... 1 more ... | undefined; } | { ...; } | ResetAction<...'.
src/app/(tabs)/administracao/clientes/editar/[id].tsx(484,68): error TS2339: Property 'registrationStatus' does not exist on type 'FieldErrors<{ tags?: string[] | undefined; cpf?: string | null | undefined; cnpj?: string | null | undefined; address?: string | null | undefined; email?: string | null | undefined; addressNumber?: string | ... 1 more ... | undefined; ... 13 more ...; logradouro?: string | ... 1 more ... | undefined; }>'.
src/app/(tabs)/administracao/clientes/editar/[id].tsx(487,15): error TS2322: Type '"registrationStatus"' is not assignable to type '"tags" | "cpf" | "cnpj" | "address" | "email" | "addressNumber" | "addressComplement" | "neighborhood" | "city" | "state" | "zipCode" | "site" | "corporateName" | "fantasyName" | ... 7 more ... | `phones.${number}`'.
src/app/(tabs)/administracao/clientes/editar/[id].tsx(634,69): error TS2345: Argument of type 'string | number | null' is not assignable to parameter of type 'string'.
  Type 'null' is not assignable to type 'string'.
src/app/(tabs)/administracao/clientes/editar/[id].tsx(651,68): error TS2345: Argument of type 'string | number | null' is not assignable to parameter of type 'string'.
  Type 'null' is not assignable to type 'string'.
src/app/(tabs)/administracao/clientes/editar/[id].tsx(692,68): error TS2339: Property 'streetType' does not exist on type 'FieldErrors<{ tags?: string[] | undefined; cpf?: string | null | undefined; cnpj?: string | null | undefined; address?: string | null | undefined; email?: string | null | undefined; addressNumber?: string | ... 1 more ... | undefined; ... 13 more ...; logradouro?: string | ... 1 more ... | undefined; }>'.
src/app/(tabs)/administracao/clientes/editar/[id].tsx(695,15): error TS2322: Type '"streetType"' is not assignable to type '"tags" | "cpf" | "cnpj" | "address" | "email" | "addressNumber" | "addressComplement" | "neighborhood" | "city" | "state" | "zipCode" | "site" | "corporateName" | "fantasyName" | ... 7 more ... | `phones.${number}`'.
src/app/(tabs)/administracao/clientes/editar/[id].tsx(719,62): error TS2345: Argument of type 'string | number | null' is not assignable to parameter of type 'string'.
  Type 'null' is not assignable to type 'string'.
src/app/(tabs)/administracao/index.tsx(236,69): error TS2339: Property 'experiencePeriod1Users' does not exist on type '{ totalUsers: DashboardMetric; activeUsers: DashboardMetric; inactiveUsers: DashboardMetric; pendingUsers: DashboardMetric; ... 4 more ...; monthlyGrowth: { ...; }[]; }'.
src/app/(tabs)/administracao/index.tsx(237,69): error TS2339: Property 'experiencePeriod2Users' does not exist on type '{ totalUsers: DashboardMetric; activeUsers: DashboardMetric; inactiveUsers: DashboardMetric; pendingUsers: DashboardMetric; ... 4 more ...; monthlyGrowth: { ...; }[]; }'.
src/app/(tabs)/administracao/index.tsx(238,63): error TS2339: Property 'effectedUsers' does not exist on type '{ totalUsers: DashboardMetric; activeUsers: DashboardMetric; inactiveUsers: DashboardMetric; pendingUsers: DashboardMetric; ... 4 more ...; monthlyGrowth: { ...; }[]; }'.
src/app/(tabs)/administracao/index.tsx(239,63): error TS2339: Property 'dismissedUsers' does not exist on type '{ totalUsers: DashboardMetric; activeUsers: DashboardMetric; inactiveUsers: DashboardMetric; pendingUsers: DashboardMetric; ... 4 more ...; monthlyGrowth: { ...; }[]; }'.
src/app/(tabs)/estoque/emprestimos/cadastrar.tsx(28,42): error TS2339: Property 'filter' does not exist on type 'BatchOperationResult<Borrow, { userId: string; quantity: number; itemId: string; returnedAt?: Date | null | undefined; }>'.
src/app/(tabs)/estoque/emprestimos/cadastrar.tsx(29,39): error TS2339: Property 'filter' does not exist on type 'BatchOperationResult<Borrow, { userId: string; quantity: number; itemId: string; returnedAt?: Date | null | undefined; }>'.
src/app/(tabs)/estoque/epi/agendamentos/cadastrar.tsx(27,39): error TS2339: Property 'INDIVIDUAL' does not exist on type 'typeof ASSIGNMENT_TYPE'.
src/app/(tabs)/estoque/epi/agendamentos/cadastrar.tsx(113,21): error TS2322: Type '{ value: boolean; onValueChange: (...event: any[]) => void; disabled: false; }' is not assignable to type 'IntrinsicAttributes & SwitchProps & RefAttributes<View>'.
  Property 'value' does not exist on type 'IntrinsicAttributes & SwitchProps & RefAttributes<View>'.
src/app/(tabs)/estoque/epi/agendamentos/cadastrar.tsx(158,77): error TS2345: Argument of type 'string | number' is not assignable to parameter of type 'string'.
  Type 'number' is not assignable to type 'string'.
src/app/(tabs)/estoque/epi/agendamentos/cadastrar.tsx(224,9): error TS2322: Type '{ onSave: (e?: BaseSyntheticEvent<object, any, any> | undefined) => Promise<void>; onCancel: () => void; isLoading: boolean; isSaveDisabled: boolean; }' is not assignable to type 'IntrinsicAttributes & SimpleFormActionBarProps'.
  Property 'onSave' does not exist on type 'IntrinsicAttributes & SimpleFormActionBarProps'.
src/app/(tabs)/estoque/epi/agendamentos/cadastrar.tsx(244,26): error TS2339: Property 'screenPadding' does not exist on type '{ readonly fieldGap: 16; readonly labelInputGap: 4; readonly errorGap: 4; readonly helperGap: 4; readonly cardPadding: 16; readonly cardMarginBottom: 16; readonly containerPaddingHorizontal: 16; readonly containerPaddingVertical: 16; readonly cardHeaderContentGap: 8; readonly rowGap: 8; readonly actionBarPadding: 16...'.
src/app/(tabs)/estoque/epi/agendamentos/cadastrar.tsx(245,32): error TS2339: Property 'screenPaddingBottom' does not exist on type '{ readonly fieldGap: 16; readonly labelInputGap: 4; readonly errorGap: 4; readonly helperGap: 4; readonly cardPadding: 16; readonly cardMarginBottom: 16; readonly containerPaddingHorizontal: 16; readonly containerPaddingVertical: 16; readonly cardHeaderContentGap: 8; readonly rowGap: 8; readonly actionBarPadding: 16...'.
src/app/(tabs)/estoque/epi/agendamentos/editar-em-lote.tsx(209,45): error TS2345: Argument of type '{ schedules: { id: string; data: any; }[]; }' is not assignable to parameter of type '{ ppeDeliverySchedules: { id: string; data: { isActive?: boolean | undefined; month?: MONTH | null | undefined; frequency?: string | undefined; frequencyCount?: number | undefined; ... 13 more ...; rescheduleReason?: RESCHEDULE_REASON | ... 1 more ... | undefined; }; }[]; }'.
  Property 'ppeDeliverySchedules' is missing in type '{ schedules: { id: string; data: any; }[]; }' but required in type '{ ppeDeliverySchedules: { id: string; data: { isActive?: boolean | undefined; month?: MONTH | null | undefined; frequency?: string | undefined; frequencyCount?: number | undefined; ... 13 more ...; rescheduleReason?: RESCHEDULE_REASON | ... 1 more ... | undefined; }; }[]; }'.
src/app/(tabs)/estoque/epi/agendamentos/editar-em-lote.tsx(410,25): error TS2322: Type 'Date | null' is not assignable to type 'Date | undefined'.
  Type 'null' is not assignable to type 'Date | undefined'.
src/app/(tabs)/estoque/epi/agendamentos/editar-em-lote.tsx(411,69): error TS2345: Argument of type 'Date | undefined' is not assignable to parameter of type 'Date | null'.
  Type 'undefined' is not assignable to type 'Date | null'.
src/app/(tabs)/estoque/epi/agendamentos/editar-em-lote.tsx(414,25): error TS2322: Type 'boolean' is not assignable to type 'string'.
src/app/(tabs)/estoque/epi/agendamentos/editar/[id].tsx(32,22): error TS2339: Property 'name' does not exist on type 'never'.
src/app/(tabs)/estoque/epi/agendamentos/editar/[id].tsx(33,27): error TS2339: Property 'frequency' does not exist on type 'never'.
src/app/(tabs)/estoque/epi/agendamentos/editar/[id].tsx(34,32): error TS2339: Property 'frequencyCount' does not exist on type 'never'.
src/app/(tabs)/estoque/epi/agendamentos/editar/[id].tsx(35,32): error TS2339: Property 'assignmentType' does not exist on type 'never'.
src/app/(tabs)/estoque/epi/agendamentos/editar/[id].tsx(36,26): error TS2339: Property 'ppeTypes' does not exist on type 'never'.
src/app/(tabs)/estoque/epi/agendamentos/editar/[id].tsx(37,26): error TS2339: Property 'isActive' does not exist on type 'never'.
src/app/(tabs)/estoque/epi/agendamentos/editar/[id].tsx(42,39): error TS2339: Property 'INDIVIDUAL' does not exist on type 'typeof ASSIGNMENT_TYPE'.
src/app/(tabs)/estoque/epi/agendamentos/editar/[id].tsx(141,21): error TS2322: Type '{ value: any; onValueChange: (...event: any[]) => void; disabled: false; }' is not assignable to type 'IntrinsicAttributes & SwitchProps & RefAttributes<View>'.
  Property 'value' does not exist on type 'IntrinsicAttributes & SwitchProps & RefAttributes<View>'.
src/app/(tabs)/estoque/epi/agendamentos/editar/[id].tsx(186,77): error TS2345: Argument of type 'string | number' is not assignable to parameter of type 'string'.
  Type 'number' is not assignable to type 'string'.
src/app/(tabs)/estoque/epi/agendamentos/editar/[id].tsx(252,9): error TS2322: Type '{ onSave: (e?: BaseSyntheticEvent<object, any, any> | undefined) => Promise<void>; onCancel: () => void; isLoading: boolean; isSaveDisabled: boolean; }' is not assignable to type 'IntrinsicAttributes & SimpleFormActionBarProps'.
  Property 'onSave' does not exist on type 'IntrinsicAttributes & SimpleFormActionBarProps'.
src/app/(tabs)/estoque/epi/agendamentos/editar/[id].tsx(272,26): error TS2339: Property 'screenPadding' does not exist on type '{ readonly fieldGap: 16; readonly labelInputGap: 4; readonly errorGap: 4; readonly helperGap: 4; readonly cardPadding: 16; readonly cardMarginBottom: 16; readonly containerPaddingHorizontal: 16; readonly containerPaddingVertical: 16; readonly cardHeaderContentGap: 8; readonly rowGap: 8; readonly actionBarPadding: 16...'.
src/app/(tabs)/estoque/epi/agendamentos/editar/[id].tsx(273,32): error TS2339: Property 'screenPaddingBottom' does not exist on type '{ readonly fieldGap: 16; readonly labelInputGap: 4; readonly errorGap: 4; readonly helperGap: 4; readonly cardPadding: 16; readonly cardMarginBottom: 16; readonly containerPaddingHorizontal: 16; readonly containerPaddingVertical: 16; readonly cardHeaderContentGap: 8; readonly rowGap: 8; readonly actionBarPadding: 16...'.
src/app/(tabs)/estoque/epi/entregas/cadastrar.tsx(67,25): error TS2345: Argument of type 'PPEDeliveryCreateFormData' is not assignable to parameter of type '{ status: string; userId: string; quantity: number; statusOrder: number; itemId: string; reason?: string | null | undefined; ppeScheduleId?: string | null | undefined; scheduledDate?: Date | null | undefined; actualDeliveryDate?: Date | ... 1 more ... | undefined; reviewedBy?: string | ... 1 more ... | undefined; }'.
  Property 'statusOrder' is missing in type 'PPEDeliveryCreateFormData' but required in type '{ status: string; userId: string; quantity: number; statusOrder: number; itemId: string; reason?: string | null | undefined; ppeScheduleId?: string | null | undefined; scheduledDate?: Date | null | undefined; actualDeliveryDate?: Date | ... 1 more ... | undefined; reviewedBy?: string | ... 1 more ... | undefined; }'.
src/app/(tabs)/estoque/epi/entregas/cadastrar.tsx(153,77): error TS2345: Argument of type 'string | number' is not assignable to parameter of type 'string'.
  Type 'number' is not assignable to type 'string'.
src/app/(tabs)/estoque/epi/entregas/cadastrar.tsx(193,9): error TS2322: Type '{ onSave: (e?: BaseSyntheticEvent<object, any, any> | undefined) => Promise<void>; onCancel: () => void; isLoading: boolean; isSaveDisabled: boolean; }' is not assignable to type 'IntrinsicAttributes & SimpleFormActionBarProps'.
  Property 'onSave' does not exist on type 'IntrinsicAttributes & SimpleFormActionBarProps'.
src/app/(tabs)/estoque/epi/entregas/cadastrar.tsx(213,26): error TS2339: Property 'screenPadding' does not exist on type '{ readonly fieldGap: 16; readonly labelInputGap: 4; readonly errorGap: 4; readonly helperGap: 4; readonly cardPadding: 16; readonly cardMarginBottom: 16; readonly containerPaddingHorizontal: 16; readonly containerPaddingVertical: 16; readonly cardHeaderContentGap: 8; readonly rowGap: 8; readonly actionBarPadding: 16...'.
src/app/(tabs)/estoque/epi/entregas/cadastrar.tsx(214,32): error TS2339: Property 'screenPaddingBottom' does not exist on type '{ readonly fieldGap: 16; readonly labelInputGap: 4; readonly errorGap: 4; readonly helperGap: 4; readonly cardPadding: 16; readonly cardMarginBottom: 16; readonly containerPaddingHorizontal: 16; readonly containerPaddingVertical: 16; readonly cardHeaderContentGap: 8; readonly rowGap: 8; readonly actionBarPadding: 16...'.
src/app/(tabs)/estoque/epi/entregas/editar/[id].tsx(86,9): error TS2322: Type 'PPEDeliveryUpdateFormData' is not assignable to type '{ status?: string | undefined; reason?: string | null | undefined; quantity?: number | undefined; statusOrder?: number | undefined; itemId?: string | undefined; scheduledDate?: Date | null | undefined; actualDeliveryDate?: Date | ... 1 more ... | undefined; reviewedBy?: string | ... 1 more ... | undefined; }'.
  Types of property 'itemId' are incompatible.
    Type 'string | null' is not assignable to type 'string | undefined'.
      Type 'null' is not assignable to type 'string | undefined'.
src/app/(tabs)/estoque/epi/entregas/editar/[id].tsx(194,77): error TS2345: Argument of type 'string | number' is not assignable to parameter of type 'string'.
  Type 'number' is not assignable to type 'string'.
src/app/(tabs)/estoque/epi/entregas/editar/[id].tsx(234,9): error TS2322: Type '{ onSave: (e?: BaseSyntheticEvent<object, any, any> | undefined) => Promise<void>; onCancel: () => void; isLoading: boolean; isSaveDisabled: boolean; }' is not assignable to type 'IntrinsicAttributes & SimpleFormActionBarProps'.
  Property 'onSave' does not exist on type 'IntrinsicAttributes & SimpleFormActionBarProps'.
src/app/(tabs)/estoque/epi/entregas/editar/[id].tsx(254,26): error TS2339: Property 'screenPadding' does not exist on type '{ readonly fieldGap: 16; readonly labelInputGap: 4; readonly errorGap: 4; readonly helperGap: 4; readonly cardPadding: 16; readonly cardMarginBottom: 16; readonly containerPaddingHorizontal: 16; readonly containerPaddingVertical: 16; readonly cardHeaderContentGap: 8; readonly rowGap: 8; readonly actionBarPadding: 16...'.
src/app/(tabs)/estoque/epi/entregas/editar/[id].tsx(255,32): error TS2339: Property 'screenPaddingBottom' does not exist on type '{ readonly fieldGap: 16; readonly labelInputGap: 4; readonly errorGap: 4; readonly helperGap: 4; readonly cardPadding: 16; readonly cardMarginBottom: 16; readonly containerPaddingHorizontal: 16; readonly containerPaddingVertical: 16; readonly cardHeaderContentGap: 8; readonly rowGap: 8; readonly actionBarPadding: 16...'.
src/app/(tabs)/estoque/estatisticas/consumo.tsx(28,5): error TS2339: Property 'data' does not exist on type '{ items: unknown[]; totalItemsLoaded: number; totalCount: any; currentPage: any; isLoading: boolean; isError: boolean; error: Error | null; isFetchingNextPage: boolean; isRefetching: boolean; ... 11 more ...; originalQuery: UseInfiniteQueryResult<...>; }'.
src/app/(tabs)/estoque/estatisticas/index.tsx(20,80): error TS2345: Argument of type '{ timePeriod: DASHBOARD_TIME_PERIOD; }' is not assignable to parameter of type '{ timePeriod: string; includeInactive: boolean; supplierId?: string | undefined; categoryId?: string | undefined; brandId?: string | undefined; startDate?: Date | undefined; endDate?: Date | undefined; }'.
  Property 'includeInactive' is missing in type '{ timePeriod: DASHBOARD_TIME_PERIOD; }' but required in type '{ timePeriod: string; includeInactive: boolean; supplierId?: string | undefined; categoryId?: string | undefined; brandId?: string | undefined; startDate?: Date | undefined; endDate?: Date | undefined; }'.
src/app/(tabs)/estoque/estatisticas/index.tsx(101,36): error TS2339: Property 'stagnantItems' does not exist on type '{ totalItems: DashboardMetric; totalValue: DashboardMetric; negativeStockItems: DashboardMetric; outOfStockItems: DashboardMetric; ... 4 more ...; itemsNeedingReorder: DashboardMetric; }'.
src/app/(tabs)/estoque/estatisticas/movimentacao.tsx(493,34): error TS2339: Property 'cyan' does not exist on type '{ readonly green: { readonly 50: "#f0fdf4"; readonly 100: "#dcfce7"; readonly 200: "#bbf7d0"; readonly 300: "#86efac"; readonly 400: "#4ade80"; readonly 500: "#22c55e"; readonly 600: "#16a34a"; readonly 700: "#15803d"; readonly 800: "#166534"; readonly 900: "#14532d"; readonly 950: "#052e16"; }; ... 14 more ...; rea...'.
src/app/(tabs)/estoque/estatisticas/movimentacao.tsx(811,78): error TS2322: Type '{ name: string; size: number; color: string; style: { marginTop: number; }; }' is not assignable to type 'IntrinsicAttributes & IconProps'.
  Property 'style' does not exist on type 'IntrinsicAttributes & IconProps'.
src/app/(tabs)/estoque/estatisticas/tendencias.tsx(67,5): error TS2339: Property 'data' does not exist on type '{ items: unknown[]; totalItemsLoaded: number; totalCount: any; currentPage: any; isLoading: boolean; isError: boolean; error: Error | null; isFetchingNextPage: boolean; isRefetching: boolean; ... 11 more ...; originalQuery: UseInfiniteQueryResult<...>; }'.
src/app/(tabs)/estoque/fornecedores/cadastrar.tsx(224,63): error TS2345: Argument of type 'string | number | null' is not assignable to parameter of type 'string'.
  Type 'null' is not assignable to type 'string'.
src/app/(tabs)/estoque/fornecedores/cadastrar.tsx(303,66): error TS2345: Argument of type 'string | number | null' is not assignable to parameter of type 'string'.
  Type 'null' is not assignable to type 'string'.
src/app/(tabs)/estoque/fornecedores/editar-em-lote.tsx(43,50): error TS2707: Generic type 'BatchOperationResult<T, U>' requires between 1 and 2 type arguments.
src/app/(tabs)/estoque/fornecedores/editar-em-lote.tsx(96,5): error TS2554: Expected 0-1 arguments, but got 2.
src/app/(tabs)/estoque/fornecedores/editar-em-lote.tsx(240,37): error TS2707: Generic type 'BatchOperationResult<T, U>' requires between 1 and 2 type arguments.
src/app/(tabs)/estoque/fornecedores/editar-em-lote.tsx(244,31): error TS2339: Property 'failures' does not exist on type 'BatchOperationResult<Supplier, Supplier & { id: string; }>'.
src/app/(tabs)/estoque/fornecedores/editar-em-lote.tsx(378,17): error TS2322: Type '{ value: boolean; onValueChange: () => void; }' is not assignable to type 'IntrinsicAttributes & SwitchProps & RefAttributes<View>'.
  Property 'value' does not exist on type 'IntrinsicAttributes & SwitchProps & RefAttributes<View>'.
src/app/(tabs)/estoque/fornecedores/editar-em-lote.tsx(402,17): error TS2322: Type '{ value: boolean; onValueChange: () => void; }' is not assignable to type 'IntrinsicAttributes & SwitchProps & RefAttributes<View>'.
  Property 'value' does not exist on type 'IntrinsicAttributes & SwitchProps & RefAttributes<View>'.
src/app/(tabs)/estoque/fornecedores/editar-em-lote.tsx(412,19): error TS2322: Type '"url"' is not assignable to type 'InputType | undefined'.
src/app/(tabs)/estoque/fornecedores/editar-em-lote.tsx(426,17): error TS2322: Type '{ value: boolean; onValueChange: () => void; }' is not assignable to type 'IntrinsicAttributes & SwitchProps & RefAttributes<View>'.
  Property 'value' does not exist on type 'IntrinsicAttributes & SwitchProps & RefAttributes<View>'.
src/app/(tabs)/estoque/fornecedores/editar-em-lote.tsx(450,17): error TS2322: Type '{ value: boolean; onValueChange: () => void; }' is not assignable to type 'IntrinsicAttributes & SwitchProps & RefAttributes<View>'.
  Property 'value' does not exist on type 'IntrinsicAttributes & SwitchProps & RefAttributes<View>'.
src/app/(tabs)/estoque/fornecedores/editar-em-lote.tsx(460,19): error TS2322: Type '"zipCode"' is not assignable to type 'InputType | undefined'.
src/app/(tabs)/estoque/fornecedores/editar-em-lote.tsx(474,17): error TS2322: Type '{ value: boolean; onValueChange: () => void; }' is not assignable to type 'IntrinsicAttributes & SwitchProps & RefAttributes<View>'.
  Property 'value' does not exist on type 'IntrinsicAttributes & SwitchProps & RefAttributes<View>'.
src/app/(tabs)/estoque/fornecedores/editar-em-lote.tsx(496,17): error TS2322: Type '{ value: boolean; onValueChange: () => void; }' is not assignable to type 'IntrinsicAttributes & SwitchProps & RefAttributes<View>'.
  Property 'value' does not exist on type 'IntrinsicAttributes & SwitchProps & RefAttributes<View>'.
src/app/(tabs)/estoque/fornecedores/editar-em-lote.tsx(519,17): error TS2322: Type '{ value: boolean; onValueChange: () => void; }' is not assignable to type 'IntrinsicAttributes & SwitchProps & RefAttributes<View>'.
  Property 'value' does not exist on type 'IntrinsicAttributes & SwitchProps & RefAttributes<View>'.
src/app/(tabs)/estoque/fornecedores/editar-em-lote.tsx(541,17): error TS2322: Type '{ value: boolean; onValueChange: () => void; }' is not assignable to type 'IntrinsicAttributes & SwitchProps & RefAttributes<View>'.
  Property 'value' does not exist on type 'IntrinsicAttributes & SwitchProps & RefAttributes<View>'.
src/app/(tabs)/estoque/fornecedores/editar-em-lote.tsx(563,17): error TS2322: Type '{ value: boolean; onValueChange: () => void; }' is not assignable to type 'IntrinsicAttributes & SwitchProps & RefAttributes<View>'.
  Property 'value' does not exist on type 'IntrinsicAttributes & SwitchProps & RefAttributes<View>'.
src/app/(tabs)/estoque/fornecedores/editar-em-lote.tsx(585,17): error TS2322: Type '{ value: boolean; onValueChange: () => void; }' is not assignable to type 'IntrinsicAttributes & SwitchProps & RefAttributes<View>'.
  Property 'value' does not exist on type 'IntrinsicAttributes & SwitchProps & RefAttributes<View>'.
src/app/(tabs)/estoque/fornecedores/editar-em-lote.tsx(619,17): error TS2322: Type '{ value: boolean; onValueChange: () => void; }' is not assignable to type 'IntrinsicAttributes & SwitchProps & RefAttributes<View>'.
  Property 'value' does not exist on type 'IntrinsicAttributes & SwitchProps & RefAttributes<View>'.
src/app/(tabs)/estoque/fornecedores/editar-em-lote.tsx(634,53): error TS2339: Property 'split' does not exist on type 'string | number'.
  Property 'split' does not exist on type 'number'.
src/app/(tabs)/estoque/fornecedores/editar-em-lote.tsx(634,68): error TS7006: Parameter 't' implicitly has an 'any' type.
src/app/(tabs)/estoque/fornecedores/editar/[id].tsx(198,12): error TS2304: Cannot find name 'BRAZILIAN_STATE_NAMES'.
src/app/(tabs)/estoque/fornecedores/editar/[id].tsx(271,62): error TS2345: Argument of type 'string | number | null' is not assignable to parameter of type 'string'.
  Type 'null' is not assignable to type 'string'.
src/app/(tabs)/estoque/fornecedores/editar/[id].tsx(350,65): error TS2345: Argument of type 'string | number | null' is not assignable to parameter of type 'string'.
  Type 'null' is not assignable to type 'string'.
src/app/(tabs)/estoque/index.tsx(20,80): error TS2345: Argument of type '{ timePeriod: DASHBOARD_TIME_PERIOD; }' is not assignable to parameter of type '{ timePeriod: string; includeInactive: boolean; supplierId?: string | undefined; categoryId?: string | undefined; brandId?: string | undefined; startDate?: Date | undefined; endDate?: Date | undefined; }'.
  Property 'includeInactive' is missing in type '{ timePeriod: DASHBOARD_TIME_PERIOD; }' but required in type '{ timePeriod: string; includeInactive: boolean; supplierId?: string | undefined; categoryId?: string | undefined; brandId?: string | undefined; startDate?: Date | undefined; endDate?: Date | undefined; }'.
src/app/(tabs)/estoque/index.tsx(130,87): error TS2339: Property 'list' does not exist on type '{ readonly batchEdit: "/estoque/fornecedores/editar-em-lote"; readonly create: "/estoque/fornecedores/cadastrar"; readonly details: (id: string) => string; readonly edit: (id: string) => string; readonly root: "/estoque/fornecedores"; }'.
src/app/(tabs)/estoque/manutencao/agendamentos/cadastrar.tsx(99,5): error TS2322: Type '() => void' is not assignable to type '(measurements: { inputY: number; inputHeight: number; requiredHeight: number; }) => boolean'.
  Type 'void' is not assignable to type 'boolean'.
src/app/(tabs)/estoque/manutencao/agendamentos/cadastrar.tsx(183,51): error TS2345: Argument of type 'string | number | null' is not assignable to parameter of type 'string'.
  Type 'null' is not assignable to type 'string'.
src/app/(tabs)/estoque/manutencao/agendamentos/cadastrar.tsx(209,23): error TS2322: Type '{ value: Date | undefined; onChange: (...event: any[]) => void; placeholder: string; disabled: false; mode: string; }' is not assignable to type 'IntrinsicAttributes & DatePickerProps'.
  Property 'mode' does not exist on type 'IntrinsicAttributes & DatePickerProps'.
src/app/(tabs)/estoque/manutencao/agendamentos/detalhes/[id].tsx(84,16): error TS7053: Element implicitly has an 'any' type because expression of type 'any' can't be used to index type 'Record<MAINTENANCE_STATUS, string>'.
src/app/(tabs)/estoque/manutencao/agendamentos/detalhes/[id].tsx(102,43): error TS7053: Element implicitly has an 'any' type because expression of type 'any' can't be used to index type 'Record<SCHEDULE_FREQUENCY, string>'.
src/app/(tabs)/estoque/manutencao/agendamentos/detalhes/[id].tsx(145,53): error TS7006: Parameter 'execution' implicitly has an 'any' type.
src/app/(tabs)/estoque/manutencao/agendamentos/detalhes/[id].tsx(145,64): error TS7006: Parameter 'index' implicitly has an 'any' type.
src/app/(tabs)/estoque/manutencao/agendamentos/detalhes/[id].tsx(162,28): error TS7053: Element implicitly has an 'any' type because expression of type 'any' can't be used to index type 'Record<MAINTENANCE_STATUS, string>'.
src/app/(tabs)/estoque/manutencao/agendamentos/editar-em-lote.tsx(67,50): error TS2707: Generic type 'BatchOperationResult<T, U>' requires between 1 and 2 type arguments.
src/app/(tabs)/estoque/manutencao/agendamentos/editar-em-lote.tsx(223,37): error TS2707: Generic type 'BatchOperationResult<T, U>' requires between 1 and 2 type arguments.
src/app/(tabs)/estoque/manutencao/agendamentos/editar-em-lote.tsx(228,25): error TS2339: Property 'failures' does not exist on type 'BatchOperationResult<MaintenanceSchedule, any>'.
src/app/(tabs)/estoque/manutencao/agendamentos/editar-em-lote.tsx(229,16): error TS7006: Parameter 'f' implicitly has an 'any' type.
src/app/(tabs)/estoque/manutencao/agendamentos/editar-em-lote.tsx(369,23): error TS2322: Type '{ value: boolean; onValueChange: () => void; }' is not assignable to type 'IntrinsicAttributes & SwitchProps & RefAttributes<View>'.
  Property 'value' does not exist on type 'IntrinsicAttributes & SwitchProps & RefAttributes<View>'.
src/app/(tabs)/estoque/manutencao/agendamentos/editar-em-lote.tsx(397,17): error TS2322: Type '{ value: boolean; onValueChange: () => void; }' is not assignable to type 'IntrinsicAttributes & SwitchProps & RefAttributes<View>'.
  Property 'value' does not exist on type 'IntrinsicAttributes & SwitchProps & RefAttributes<View>'.
src/app/(tabs)/estoque/manutencao/agendamentos/editar-em-lote.tsx(425,23): error TS2322: Type '{ value: boolean; onValueChange: () => void; }' is not assignable to type 'IntrinsicAttributes & SwitchProps & RefAttributes<View>'.
  Property 'value' does not exist on type 'IntrinsicAttributes & SwitchProps & RefAttributes<View>'.
src/app/(tabs)/estoque/manutencao/agendamentos/editar-em-lote.tsx(433,19): error TS2322: Type '{ mode: string; value: Date; onChange: (date: Date | undefined) => void; minimumDate: Date; }' is not assignable to type 'IntrinsicAttributes & DatePickerProps'.
  Property 'mode' does not exist on type 'IntrinsicAttributes & DatePickerProps'.
src/app/(tabs)/estoque/manutencao/agendamentos/editar-em-lote.tsx(446,17): error TS2322: Type '{ value: boolean; onValueChange: () => void; }' is not assignable to type 'IntrinsicAttributes & SwitchProps & RefAttributes<View>'.
  Property 'value' does not exist on type 'IntrinsicAttributes & SwitchProps & RefAttributes<View>'.
src/app/(tabs)/estoque/manutencao/agendamentos/editar-em-lote.tsx(489,17): error TS2322: Type '{ value: boolean; onValueChange: () => void; }' is not assignable to type 'IntrinsicAttributes & SwitchProps & RefAttributes<View>'.
  Property 'value' does not exist on type 'IntrinsicAttributes & SwitchProps & RefAttributes<View>'.
src/app/(tabs)/estoque/manutencao/agendamentos/editar-em-lote.tsx(499,19): error TS2322: Type '{ mode: string; value: Date; onChange: (date: Date | undefined) => void; maximumDate: Date; }' is not assignable to type 'IntrinsicAttributes & DatePickerProps'.
  Property 'mode' does not exist on type 'IntrinsicAttributes & DatePickerProps'.
src/app/(tabs)/estoque/manutencao/agendamentos/editar/[id].tsx(112,5): error TS2322: Type '() => void' is not assignable to type '(measurements: { inputY: number; inputHeight: number; requiredHeight: number; }) => boolean'.
  Type 'void' is not assignable to type 'boolean'.
src/app/(tabs)/estoque/manutencao/agendamentos/editar/[id].tsx(196,51): error TS2345: Argument of type 'string | number | null' is not assignable to parameter of type 'string'.
  Type 'null' is not assignable to type 'string'.
src/app/(tabs)/estoque/manutencao/agendamentos/editar/[id].tsx(222,23): error TS2322: Type '{ value: Date | undefined; onChange: (...event: any[]) => void; placeholder: string; disabled: boolean; mode: string; }' is not assignable to type 'IntrinsicAttributes & DatePickerProps'.
  Property 'mode' does not exist on type 'IntrinsicAttributes & DatePickerProps'.
src/app/(tabs)/estoque/manutencao/detalhes/[id].tsx(10,81): error TS2724: '"@tabler/icons-react-native"' has no exported member named 'IconInfo'. Did you mean 'IconInbox'?
src/app/(tabs)/estoque/manutencao/detalhes/[id].tsx(95,50): error TS7006: Parameter 'total' implicitly has an 'any' type.
src/app/(tabs)/estoque/manutencao/detalhes/[id].tsx(95,57): error TS7006: Parameter 'mi' implicitly has an 'any' type.
src/app/(tabs)/estoque/manutencao/detalhes/[id].tsx(102,51): error TS7006: Parameter 'mi' implicitly has an 'any' type.
src/app/(tabs)/estoque/manutencao/detalhes/[id].tsx(110,23): error TS7053: Element implicitly has an 'any' type because expression of type 'any' can't be used to index type 'Record<SCHEDULE_FREQUENCY, string>'.
src/app/(tabs)/estoque/manutencao/detalhes/[id].tsx(133,61): error TS2339: Property 'SCHEDULED' does not exist on type 'typeof MAINTENANCE_STATUS'.
src/app/(tabs)/estoque/manutencao/detalhes/[id].tsx(137,18): error TS7053: Element implicitly has an 'any' type because expression of type 'any' can't be used to index type 'Record<MAINTENANCE_STATUS, string>'.
src/app/(tabs)/estoque/manutencao/detalhes/[id].tsx(245,56): error TS7053: Element implicitly has an 'any' type because expression of type 'any' can't be used to index type 'Record<MEASURE_UNIT, string>'.
src/app/(tabs)/estoque/manutencao/detalhes/[id].tsx(297,42): error TS7006: Parameter 'maintenanceItem' implicitly has an 'any' type.
src/app/(tabs)/estoque/manutencao/detalhes/[id].tsx(297,59): error TS7006: Parameter 'index' implicitly has an 'any' type.
src/app/(tabs)/estoque/manutencao/detalhes/[id].tsx(323,81): error TS7053: Element implicitly has an 'any' type because expression of type 'any' can't be used to index type 'Record<MEASURE_UNIT, string>'.
src/app/(tabs)/estoque/manutencao/detalhes/[id].tsx(332,75): error TS7053: Element implicitly has an 'any' type because expression of type 'any' can't be used to index type 'Record<MEASURE_UNIT, string>'.
src/app/(tabs)/estoque/movimentacoes/cadastrar.tsx(36,42): error TS2339: Property 'filter' does not exist on type 'BatchOperationResult<Activity, Activity>'.
src/app/(tabs)/estoque/movimentacoes/cadastrar.tsx(37,39): error TS2339: Property 'filter' does not exist on type 'BatchOperationResult<Activity, Activity>'.
src/app/(tabs)/estoque/movimentacoes/detalhes/[id].tsx(25,11): error TS2339: Property 'data' does not exist on type 'AuthContextType'.
src/app/(tabs)/estoque/movimentacoes/editar-em-lote.tsx(17,10): error TS2305: Module '"@/components/ui/loading"' has no exported member 'LoadingScreen'.
src/app/(tabs)/estoque/movimentacoes/editar-em-lote.tsx(63,50): error TS2707: Generic type 'BatchOperationResult<T, U>' requires between 1 and 2 type arguments.
src/app/(tabs)/estoque/movimentacoes/editar-em-lote.tsx(99,11): error TS2339: Property 'data' does not exist on type '{ users: unknown[]; items: unknown[]; totalItemsLoaded: number; totalCount: any; currentPage: any; isLoading: boolean; isError: boolean; error: Error | null; isFetchingNextPage: boolean; isRefetching: boolean; ... 11 more ...; originalQuery: UseInfiniteQueryResult<...>; }'.
src/app/(tabs)/estoque/movimentacoes/editar-em-lote.tsx(110,44): error TS7006: Parameter 'page' implicitly has an 'any' type.
src/app/(tabs)/estoque/movimentacoes/editar-em-lote.tsx(181,37): error TS2707: Generic type 'BatchOperationResult<T, U>' requires between 1 and 2 type arguments.
src/app/(tabs)/estoque/movimentacoes/editar-em-lote.tsx(186,25): error TS2339: Property 'failures' does not exist on type 'BatchOperationResult<Activity, Activity & { id: string; }>'.
src/app/(tabs)/estoque/movimentacoes/editar-em-lote.tsx(187,16): error TS7006: Parameter 'f' implicitly has an 'any' type.
src/app/(tabs)/estoque/movimentacoes/editar-em-lote.tsx(211,59): error TS2339: Property 'movements' does not exist on type '{ readonly externalWithdrawals: { readonly create: "/estoque/retiradas-externas/cadastrar"; readonly details: (id: string) => string; readonly edit: (id: string) => string; readonly list: "/estoque/retiradas-externas"; readonly root: "/estoque/retiradas-externas"; }; ... 7 more ...; readonly suppliers: { ...; }; }'.
src/app/(tabs)/estoque/movimentacoes/editar-em-lote.tsx(253,57): error TS2339: Property 'movements' does not exist on type '{ readonly externalWithdrawals: { readonly create: "/estoque/retiradas-externas/cadastrar"; readonly details: (id: string) => string; readonly edit: (id: string) => string; readonly list: "/estoque/retiradas-externas"; readonly root: "/estoque/retiradas-externas"; }; ... 7 more ...; readonly suppliers: { ...; }; }'.
src/app/(tabs)/estoque/movimentacoes/editar-em-lote.tsx(350,19): error TS7006: Parameter 'user' implicitly has an 'any' type.
src/app/(tabs)/estoque/movimentacoes/editar-em-lote.tsx(551,13): error TS2322: Type '{ flex: number; }[]' is not assignable to type 'ViewStyle'.
  Types of property 'filter' are incompatible.
    Type '{ <S extends { flex: number; }>(predicate: (value: { flex: number; }, index: number, array: { flex: number; }[]) => value is S, thisArg?: any): S[]; (predicate: (value: { flex: number; }, index: number, array: { flex: number; }[]) => unknown, thisArg?: any): { ...; }[]; }' is not assignable to type 'string | readonly FilterFunction[] | undefined'.
src/app/(tabs)/estoque/movimentacoes/editar-em-lote.tsx(558,13): error TS2322: Type '{ flex: number; }[]' is not assignable to type 'ViewStyle'.
  Types of property 'filter' are incompatible.
    Type '{ <S extends { flex: number; }>(predicate: (value: { flex: number; }, index: number, array: { flex: number; }[]) => value is S, thisArg?: any): S[]; (predicate: (value: { flex: number; }, index: number, array: { flex: number; }[]) => unknown, thisArg?: any): { ...; }[]; }' is not assignable to type